[2023-02-01T08:33:30.378429+01:00] Rizal\Logger\LoggerTest.INFO: Log [] []
[2023-02-01T08:46:31.150506+01:00] Rizal\Logger\LoggerTest.INFO: Log [] []
[2023-02-01T08:46:49.107444+01:00] Rizal\Logger\LevelTest.INFO: Info Level [] []
[2023-02-01T08:46:49.121221+01:00] Rizal\Logger\LevelTest.EMERGENCY: Emergency Level [] []
[2023-02-01T08:46:49.121347+01:00] Rizal\Logger\LevelTest.DEBUG: Debug Level [] []
[2023-02-01T08:46:49.121416+01:00] Rizal\Logger\LevelTest.ALERT: Alert Level [] []
[2023-02-01T08:46:49.121482+01:00] Rizal\Logger\LevelTest.CRITICAL: Critical Level [] []
[2023-02-01T08:46:49.121552+01:00] Rizal\Logger\LevelTest.NOTICE: Notice Level [] []
[2023-02-01T08:50:17.395101+01:00] Rizal\Logger\LevelTest.INFO: Info Level [] []
[2023-02-01T08:50:17.399114+01:00] Rizal\Logger\LevelTest.EMERGENCY: Emergency Level [] []
[2023-02-01T08:50:17.402101+01:00] Rizal\Logger\LevelTest.DEBUG: Debug Level [] []
[2023-02-01T08:50:17.402268+01:00] Rizal\Logger\LevelTest.ALERT: Alert Level [] []
[2023-02-01T08:50:17.402492+01:00] Rizal\Logger\LevelTest.CRITICAL: Critical Level [] []
[2023-02-01T08:50:17.402610+01:00] Rizal\Logger\LevelTest.NOTICE: Notice Level [] []
[2023-02-01T08:50:56.548440+01:00] Rizal\Logger\LevelTest.INFO: Info Level [] []
[2023-02-01T08:50:56.553269+01:00] Rizal\Logger\LevelTest.EMERGENCY: Emergency Level [] []
[2023-02-01T08:50:56.553742+01:00] Rizal\Logger\LevelTest.ALERT: Alert Level [] []
[2023-02-01T08:50:56.553864+01:00] Rizal\Logger\LevelTest.CRITICAL: Critical Level [] []
[2023-02-01T08:50:56.553985+01:00] Rizal\Logger\LevelTest.NOTICE: Notice Level [] []
[2023-02-01T09:02:17.169223+01:00] Rizal\Logger\ContextTest.INFO: Successful Login {"username":"rizal300500"} []
[2023-02-01T09:02:17.176771+01:00] Rizal\Logger\ContextTest.ERROR: Error Login {"username":"_Rizal"} []
[2023-02-01T09:03:04.032153+01:00] Rizal\Logger\ContextTest.INFO: Successful Login {"username":"rizal300500"} []
[2023-02-01T09:03:04.036334+01:00] Rizal\Logger\ContextTest.ERROR: Error Login {"username":"_Rizal"} []
[2023-02-01T09:18:52.807749+01:00] Rizal\Logger\ProcessorTest.INFO: Hello [] {"app":{"author":"Rizal","app":"Belajar PHP Logger"}}
[2023-02-01T09:21:04.004775+01:00] Rizal\Logger\ProcessorTest.INFO: Hello {"test":"test"} {"app":{"author":"Rizal","app":"Belajar PHP Logger"}}
[2023-02-01T09:21:37.547896+01:00] Rizal\Logger\ProcessorTest.INFO: Hello {"test":"test"} {"app":{"author":"Rizal","app":"Belajar PHP Logger"}}
[2023-02-01T09:35:09.842097+01:00] Rizal\Logger\ProcessorTest.INFO: Hello {"test":"test"} {"app":{"author":"Rizal","app":"Belajar PHP Logger"},"memory_usage":"4 MB"}
[2023-02-01T09:35:46.443740+01:00] Rizal\Logger\ProcessorTest.INFO: Hello {"test":"test"} {"app":{"author":"Rizal","app":"Belajar PHP Logger"},"hostname":"LAPTOP-4QP883JF","memory_usage":"4 MB"}
